2019-12-24 15:37:32,684 INFO (StartupInfoLogger.java:50)- Starting Application on DESKTOP-K111BBP with PID 7444 (started by ShrisJava in C:\Users\ShrisJava\Workspaces\MyEclipse CI\MESEXC)
2019-12-24 15:37:32,699 INFO (SpringApplication.java:675)- No active profile set, falling back to default profiles: default
2019-12-24 15:37:33,839 INFO (TomcatWebServer.java:90)- Tomcat initialized with port(s): 8084 (http)
2019-12-24 15:37:33,844 INFO (DirectJDKLog.java:173)- Initializing ProtocolHandler ["http-nio-8084"]
2019-12-24 15:37:33,860 INFO (DirectJDKLog.java:173)- Starting service [Tomcat]
2019-12-24 15:37:33,860 INFO (DirectJDKLog.java:173)- Starting Servlet engine: [Apache Tomcat/9.0.16]
2019-12-24 15:37:33,876 INFO (DirectJDKLog.java:173)- Loaded APR based Apache Tomcat Native library [1.2.23] using APR version [1.7.0].
2019-12-24 15:37:33,876 INFO (DirectJDKLog.java:173)- APR capabilities: IPv6 [true], sendfile [true], accept filters [false], random [true].
2019-12-24 15:37:33,876 INFO (DirectJDKLog.java:173)- APR/OpenSSL configuration: useAprConnector [false], useOpenSSL [true]
2019-12-24 15:37:33,876 INFO (DirectJDKLog.java:173)- OpenSSL successfully initialized [OpenSSL 1.1.1c  28 May 2019]
2019-12-24 15:37:33,954 INFO (DirectJDKLog.java:173)- Initializing Spring embedded WebApplicationContext
2019-12-24 15:37:33,954 INFO (ServletWebServerApplicationContext.java:296)- Root WebApplicationContext: initialization completed in 1192 ms
2019-12-24 15:37:34,251 INFO (EXCThread.java:58)- EXC Start!!
2019-12-24 15:37:34,298 INFO (Slf4jMLog.java:212)- MLog clients using slf4j logging.
2019-12-24 15:37:34,376 INFO (Slf4jMLog.java:212)- Initializing c3p0-0.9.5.2 [built 08-December-2015 22:06:04 -0800; debug? true; trace: 10]
2019-12-24 15:37:34,579 INFO (Slf4jMLog.java:212)- Initializing c3p0 pool... com.mchange.v2.c3p0.ComboPooledDataSource [ acquireIncrement -> 5, acquireRetryAttempts -> 30, acquireRetryDelay -> 1000, autoCommitOnClose -> false, automaticTestTable -> null, breakAfterAcquireFailure -> false, checkoutTimeout -> 0, connectionCustomizerClassName -> null, connectionTesterClassName -> com.mchange.v2.c3p0.impl.DefaultConnectionTester, contextClassLoaderSource -> caller, dataSourceName -> Mysql_dataSource, debugUnreturnedConnectionStackTraces -> false, description -> null, driverClass -> com.mysql.cj.jdbc.Driver, extensions -> {}, factoryClassLocation -> null, forceIgnoreUnresolvedTransactions -> false, forceSynchronousCheckins -> false, forceUseNamedDriverClass -> false, identityToken -> 1bqpccda7f7s0bs1wp8vl5|73189eef, idleConnectionTestPeriod -> 0, initialPoolSize -> 10, jdbcUrl -> jdbc:mysql://127.0.0.1:3306/iplantmes?useUnicode=true&characterEncoding=utf-8&serverTimezone=Asia/Shanghai&useSSL=false&autoReconnect=true&zeroDateTimeBehavior=convertToNull, maxAdministrativeTaskTime -> 0, maxConnectionAge -> 0, maxIdleTime -> 3600, maxIdleTimeExcessConnections -> 0, maxPoolSize -> 50, maxStatements -> 0, maxStatementsPerConnection -> 0, minPoolSize -> 5, numHelperThreads -> 3, preferredTestQuery -> null, privilegeSpawnedThreads -> false, properties -> {password=******, user=******}, propertyCycle -> 0, statementCacheNumDeferredCloseThreads -> 0, testConnectionOnCheckin -> false, testConnectionOnCheckout -> true, unreturnedConnectionTimeout -> 0, userOverrides -> {}, usesTraditionalReflectiveProxies -> false ]
2019-12-24 15:37:34,657 INFO (ExecutorConfigurationSupport.java:171)- Initializing ExecutorService 'applicationTaskExecutor'
2019-12-24 15:37:34,985 INFO (DirectJDKLog.java:173)- Starting ProtocolHandler ["http-nio-8084"]
2019-12-24 15:37:35,078 INFO (TomcatWebServer.java:204)- Tomcat started on port(s): 8084 (http) with context path ''
2019-12-24 15:37:35,093 INFO (StartupInfoLogger.java:59)- Started Application in 2.943 seconds (JVM running for 11.574)
2019-12-24 15:38:25,934 INFO (DirectJDKLog.java:173)- Initializing Spring DispatcherServlet 'dispatcherServlet'
2019-12-24 15:38:25,935 INFO (FrameworkServlet.java:524)- Initializing Servlet 'dispatcherServlet'
2019-12-24 15:38:25,942 INFO (FrameworkServlet.java:546)- Completed initialization in 7 ms
2019-12-24 15:40:06,827 INFO (StartupInfoLogger.java:50)- Starting Application on DESKTOP-K111BBP with PID 11384 (started by ShrisJava in C:\Users\ShrisJava\Workspaces\MyEclipse CI\MESEXC)
2019-12-24 15:40:06,842 INFO (SpringApplication.java:675)- No active profile set, falling back to default profiles: default
2019-12-24 15:40:08,014 INFO (TomcatWebServer.java:90)- Tomcat initialized with port(s): 8084 (http)
2019-12-24 15:40:08,025 INFO (DirectJDKLog.java:173)- Initializing ProtocolHandler ["http-nio-8084"]
2019-12-24 15:40:08,040 INFO (DirectJDKLog.java:173)- Starting service [Tomcat]
2019-12-24 15:40:08,040 INFO (DirectJDKLog.java:173)- Starting Servlet engine: [Apache Tomcat/9.0.16]
2019-12-24 15:40:08,040 INFO (DirectJDKLog.java:173)- Loaded APR based Apache Tomcat Native library [1.2.23] using APR version [1.7.0].
2019-12-24 15:40:08,056 INFO (DirectJDKLog.java:173)- APR capabilities: IPv6 [true], sendfile [true], accept filters [false], random [true].
2019-12-24 15:40:08,056 INFO (DirectJDKLog.java:173)- APR/OpenSSL configuration: useAprConnector [false], useOpenSSL [true]
2019-12-24 15:40:08,056 INFO (DirectJDKLog.java:173)- OpenSSL successfully initialized [OpenSSL 1.1.1c  28 May 2019]
2019-12-24 15:40:08,166 INFO (DirectJDKLog.java:173)- Initializing Spring embedded WebApplicationContext
2019-12-24 15:40:08,166 INFO (ServletWebServerApplicationContext.java:296)- Root WebApplicationContext: initialization completed in 1293 ms
2019-12-24 15:40:08,541 INFO (EXCThread.java:58)- EXC Start!!
2019-12-24 15:40:08,650 INFO (Slf4jMLog.java:212)- MLog clients using slf4j logging.
2019-12-24 15:40:08,682 INFO (Slf4jMLog.java:212)- Initializing c3p0-0.9.5.2 [built 08-December-2015 22:06:04 -0800; debug? true; trace: 10]
2019-12-24 15:40:08,963 INFO (Slf4jMLog.java:212)- Initializing c3p0 pool... com.mchange.v2.c3p0.ComboPooledDataSource [ acquireIncrement -> 5, acquireRetryAttempts -> 30, acquireRetryDelay -> 1000, autoCommitOnClose -> false, automaticTestTable -> null, breakAfterAcquireFailure -> false, checkoutTimeout -> 0, connectionCustomizerClassName -> null, connectionTesterClassName -> com.mchange.v2.c3p0.impl.DefaultConnectionTester, contextClassLoaderSource -> caller, dataSourceName -> Mysql_dataSource, debugUnreturnedConnectionStackTraces -> false, description -> null, driverClass -> com.mysql.cj.jdbc.Driver, extensions -> {}, factoryClassLocation -> null, forceIgnoreUnresolvedTransactions -> false, forceSynchronousCheckins -> false, forceUseNamedDriverClass -> false, identityToken -> 1bqpccda7f7vbdl1t01xt9|66a0fbc7, idleConnectionTestPeriod -> 0, initialPoolSize -> 10, jdbcUrl -> jdbc:mysql://127.0.0.1:3306/iplantmes?useUnicode=true&characterEncoding=utf-8&serverTimezone=Asia/Shanghai&useSSL=false&autoReconnect=true&zeroDateTimeBehavior=convertToNull, maxAdministrativeTaskTime -> 0, maxConnectionAge -> 0, maxIdleTime -> 3600, maxIdleTimeExcessConnections -> 0, maxPoolSize -> 50, maxStatements -> 0, maxStatementsPerConnection -> 0, minPoolSize -> 5, numHelperThreads -> 3, preferredTestQuery -> null, privilegeSpawnedThreads -> false, properties -> {password=******, user=******}, propertyCycle -> 0, statementCacheNumDeferredCloseThreads -> 0, testConnectionOnCheckin -> false, testConnectionOnCheckout -> true, unreturnedConnectionTimeout -> 0, userOverrides -> {}, usesTraditionalReflectiveProxies -> false ]
2019-12-24 15:40:09,103 INFO (ExecutorConfigurationSupport.java:171)- Initializing ExecutorService 'applicationTaskExecutor'
2019-12-24 15:40:09,790 INFO (DirectJDKLog.java:173)- Starting ProtocolHandler ["http-nio-8084"]
2019-12-24 15:40:09,930 INFO (TomcatWebServer.java:204)- Tomcat started on port(s): 8084 (http) with context path ''
2019-12-24 15:40:09,930 INFO (StartupInfoLogger.java:59)- Started Application in 3.53 seconds (JVM running for 4.607)
2019-12-24 15:40:21,565 INFO (DirectJDKLog.java:173)- Initializing Spring DispatcherServlet 'dispatcherServlet'
2019-12-24 15:40:21,565 INFO (FrameworkServlet.java:524)- Initializing Servlet 'dispatcherServlet'
2019-12-24 15:40:21,576 INFO (FrameworkServlet.java:546)- Completed initialization in 10 ms
2019-12-24 15:40:21,703 WARN (DirectJDKLog.java:173)- Creation of SecureRandom instance for session ID generation using [SHA1PRNG] took [114] milliseconds.
2019-12-24 15:41:53,147 INFO (StartupInfoLogger.java:50)- Starting Application on DESKTOP-K111BBP with PID 10792 (started by ShrisJava in C:\Users\ShrisJava\Workspaces\MyEclipse CI\MESEXC)
2019-12-24 15:41:53,152 INFO (SpringApplication.java:675)- No active profile set, falling back to default profiles: default
2019-12-24 15:41:54,286 INFO (TomcatWebServer.java:90)- Tomcat initialized with port(s): 8084 (http)
2019-12-24 15:41:54,301 INFO (DirectJDKLog.java:173)- Initializing ProtocolHandler ["http-nio-8084"]
2019-12-24 15:41:54,317 INFO (DirectJDKLog.java:173)- Starting service [Tomcat]
2019-12-24 15:41:54,317 INFO (DirectJDKLog.java:173)- Starting Servlet engine: [Apache Tomcat/9.0.16]
2019-12-24 15:41:54,333 INFO (DirectJDKLog.java:173)- Loaded APR based Apache Tomcat Native library [1.2.23] using APR version [1.7.0].
2019-12-24 15:41:54,333 INFO (DirectJDKLog.java:173)- APR capabilities: IPv6 [true], sendfile [true], accept filters [false], random [true].
2019-12-24 15:41:54,333 INFO (DirectJDKLog.java:173)- APR/OpenSSL configuration: useAprConnector [false], useOpenSSL [true]
2019-12-24 15:41:54,333 INFO (DirectJDKLog.java:173)- OpenSSL successfully initialized [OpenSSL 1.1.1c  28 May 2019]
2019-12-24 15:41:54,410 INFO (DirectJDKLog.java:173)- Initializing Spring embedded WebApplicationContext
2019-12-24 15:41:54,410 INFO (ServletWebServerApplicationContext.java:296)- Root WebApplicationContext: initialization completed in 1200 ms
2019-12-24 15:41:54,801 INFO (EXCThread.java:58)- EXC Start!!
2019-12-24 15:41:55,145 INFO (Slf4jMLog.java:212)- Initializing c3p0-0.9.5.2 [built 08-December-2015 22:06:04 -0800; debug? true; trace: 10]
2019-12-24 15:41:55,145 INFO (Slf4jMLog.java:212)- MLog clients using slf4j logging.
2019-12-24 15:41:55,176 INFO (ExecutorConfigurationSupport.java:171)- Initializing ExecutorService 'applicationTaskExecutor'
2019-12-24 15:41:55,426 INFO (Slf4jMLog.java:212)- Initializing c3p0 pool... com.mchange.v2.c3p0.ComboPooledDataSource [ acquireIncrement -> 5, acquireRetryAttempts -> 30, acquireRetryDelay -> 1000, autoCommitOnClose -> false, automaticTestTable -> null, breakAfterAcquireFailure -> false, checkoutTimeout -> 0, connectionCustomizerClassName -> null, connectionTesterClassName -> com.mchange.v2.c3p0.impl.DefaultConnectionTester, contextClassLoaderSource -> caller, dataSourceName -> Mysql_dataSource, debugUnreturnedConnectionStackTraces -> false, description -> null, driverClass -> com.mysql.cj.jdbc.Driver, extensions -> {}, factoryClassLocation -> null, forceIgnoreUnresolvedTransactions -> false, forceSynchronousCheckins -> false, forceUseNamedDriverClass -> false, identityToken -> 1bqpccda7f7xlixsb6ylt|6def1efd, idleConnectionTestPeriod -> 0, initialPoolSize -> 10, jdbcUrl -> jdbc:mysql://127.0.0.1:3306/iplantmes?useUnicode=true&characterEncoding=utf-8&serverTimezone=Asia/Shanghai&useSSL=false&autoReconnect=true&zeroDateTimeBehavior=convertToNull, maxAdministrativeTaskTime -> 0, maxConnectionAge -> 0, maxIdleTime -> 3600, maxIdleTimeExcessConnections -> 0, maxPoolSize -> 50, maxStatements -> 0, maxStatementsPerConnection -> 0, minPoolSize -> 5, numHelperThreads -> 3, preferredTestQuery -> null, privilegeSpawnedThreads -> false, properties -> {password=******, user=******}, propertyCycle -> 0, statementCacheNumDeferredCloseThreads -> 0, testConnectionOnCheckin -> false, testConnectionOnCheckout -> true, unreturnedConnectionTimeout -> 0, userOverrides -> {}, usesTraditionalReflectiveProxies -> false ]
2019-12-24 15:41:55,894 INFO (DirectJDKLog.java:173)- Starting ProtocolHandler ["http-nio-8084"]
2019-12-24 15:41:55,940 INFO (TomcatWebServer.java:204)- Tomcat started on port(s): 8084 (http) with context path ''
2019-12-24 15:41:55,940 INFO (StartupInfoLogger.java:59)- Started Application in 3.335 seconds (JVM running for 4.597)
2019-12-24 15:42:02,312 INFO (DirectJDKLog.java:173)- Initializing Spring DispatcherServlet 'dispatcherServlet'
2019-12-24 15:42:02,313 INFO (FrameworkServlet.java:524)- Initializing Servlet 'dispatcherServlet'
2019-12-24 15:42:02,325 INFO (FrameworkServlet.java:546)- Completed initialization in 11 ms
2019-12-24 15:42:02,477 WARN (DirectJDKLog.java:173)- Creation of SecureRandom instance for session ID generation using [SHA1PRNG] took [115] milliseconds.
2019-12-24 15:48:13,346 INFO (StartupInfoLogger.java:50)- Starting Application on DESKTOP-K111BBP with PID 10724 (started by ShrisJava in C:\Users\ShrisJava\Workspaces\MyEclipse CI\MESEXC)
2019-12-24 15:48:13,361 INFO (SpringApplication.java:675)- No active profile set, falling back to default profiles: default
2019-12-24 15:48:14,591 INFO (TomcatWebServer.java:90)- Tomcat initialized with port(s): 8084 (http)
2019-12-24 15:48:14,597 INFO (DirectJDKLog.java:173)- Initializing ProtocolHandler ["http-nio-8084"]
2019-12-24 15:48:14,612 INFO (DirectJDKLog.java:173)- Starting service [Tomcat]
2019-12-24 15:48:14,612 INFO (DirectJDKLog.java:173)- Starting Servlet engine: [Apache Tomcat/9.0.16]
2019-12-24 15:48:14,628 INFO (DirectJDKLog.java:173)- Loaded APR based Apache Tomcat Native library [1.2.23] using APR version [1.7.0].
2019-12-24 15:48:14,628 INFO (DirectJDKLog.java:173)- APR capabilities: IPv6 [true], sendfile [true], accept filters [false], random [true].
2019-12-24 15:48:14,628 INFO (DirectJDKLog.java:173)- APR/OpenSSL configuration: useAprConnector [false], useOpenSSL [true]
2019-12-24 15:48:14,628 INFO (DirectJDKLog.java:173)- OpenSSL successfully initialized [OpenSSL 1.1.1c  28 May 2019]
2019-12-24 15:48:14,738 INFO (DirectJDKLog.java:173)- Initializing Spring embedded WebApplicationContext
2019-12-24 15:48:14,738 INFO (ServletWebServerApplicationContext.java:296)- Root WebApplicationContext: initialization completed in 1283 ms
2019-12-24 15:48:15,128 INFO (EXCThread.java:58)- EXC Start!!
2019-12-24 15:48:15,269 INFO (ExecutorConfigurationSupport.java:171)- Initializing ExecutorService 'applicationTaskExecutor'
2019-12-24 15:48:15,456 INFO (Slf4jMLog.java:212)- MLog clients using slf4j logging.
2019-12-24 15:48:15,488 INFO (Slf4jMLog.java:212)- Initializing c3p0-0.9.5.2 [built 08-December-2015 22:06:04 -0800; debug? true; trace: 10]
2019-12-24 15:48:15,769 INFO (Slf4jMLog.java:212)- Initializing c3p0 pool... com.mchange.v2.c3p0.ComboPooledDataSource [ acquireIncrement -> 5, acquireRetryAttempts -> 30, acquireRetryDelay -> 1000, autoCommitOnClose -> false, automaticTestTable -> null, breakAfterAcquireFailure -> false, checkoutTimeout -> 0, connectionCustomizerClassName -> null, connectionTesterClassName -> com.mchange.v2.c3p0.impl.DefaultConnectionTester, contextClassLoaderSource -> caller, dataSourceName -> Mysql_dataSource, debugUnreturnedConnectionStackTraces -> false, description -> null, driverClass -> com.mysql.cj.jdbc.Driver, extensions -> {}, factoryClassLocation -> null, forceIgnoreUnresolvedTransactions -> false, forceSynchronousCheckins -> false, forceUseNamedDriverClass -> false, identityToken -> 1bqpccda7f85r0ggrwoo9|a5bb010, idleConnectionTestPeriod -> 0, initialPoolSize -> 10, jdbcUrl -> jdbc:mysql://127.0.0.1:3306/iplantmes?useUnicode=true&characterEncoding=utf-8&serverTimezone=Asia/Shanghai&useSSL=false&autoReconnect=true&zeroDateTimeBehavior=convertToNull, maxAdministrativeTaskTime -> 0, maxConnectionAge -> 0, maxIdleTime -> 3600, maxIdleTimeExcessConnections -> 0, maxPoolSize -> 50, maxStatements -> 0, maxStatementsPerConnection -> 0, minPoolSize -> 5, numHelperThreads -> 3, preferredTestQuery -> null, privilegeSpawnedThreads -> false, properties -> {password=******, user=******}, propertyCycle -> 0, statementCacheNumDeferredCloseThreads -> 0, testConnectionOnCheckin -> false, testConnectionOnCheckout -> true, unreturnedConnectionTimeout -> 0, userOverrides -> {}, usesTraditionalReflectiveProxies -> false ]
2019-12-24 15:48:15,808 INFO (DirectJDKLog.java:173)- Starting ProtocolHandler ["http-nio-8084"]
2019-12-24 15:48:16,027 INFO (TomcatWebServer.java:204)- Tomcat started on port(s): 8084 (http) with context path ''
2019-12-24 15:48:16,043 INFO (StartupInfoLogger.java:59)- Started Application in 3.164 seconds (JVM running for 4.182)
2019-12-24 15:48:28,521 INFO (DirectJDKLog.java:173)- Initializing Spring DispatcherServlet 'dispatcherServlet'
2019-12-24 15:48:28,522 INFO (FrameworkServlet.java:524)- Initializing Servlet 'dispatcherServlet'
2019-12-24 15:48:28,531 INFO (FrameworkServlet.java:546)- Completed initialization in 8 ms
2019-12-24 15:48:28,673 WARN (DirectJDKLog.java:173)- Creation of SecureRandom instance for session ID generation using [SHA1PRNG] took [130] milliseconds.
2019-12-24 15:56:47,621 INFO (StartupInfoLogger.java:50)- Starting Application on DESKTOP-K111BBP with PID 8504 (started by ShrisJava in C:\Users\ShrisJava\Workspaces\MyEclipse CI\MESEXC)
2019-12-24 15:56:47,621 INFO (SpringApplication.java:675)- No active profile set, falling back to default profiles: default
2019-12-24 15:56:48,793 INFO (TomcatWebServer.java:90)- Tomcat initialized with port(s): 8084 (http)
2019-12-24 15:56:48,808 INFO (DirectJDKLog.java:173)- Initializing ProtocolHandler ["http-nio-8084"]
2019-12-24 15:56:48,840 INFO (DirectJDKLog.java:173)- Starting service [Tomcat]
2019-12-24 15:56:48,840 INFO (DirectJDKLog.java:173)- Starting Servlet engine: [Apache Tomcat/9.0.16]
2019-12-24 15:56:48,840 INFO (DirectJDKLog.java:173)- Loaded APR based Apache Tomcat Native library [1.2.23] using APR version [1.7.0].
2019-12-24 15:56:48,840 INFO (DirectJDKLog.java:173)- APR capabilities: IPv6 [true], sendfile [true], accept filters [false], random [true].
2019-12-24 15:56:48,840 INFO (DirectJDKLog.java:173)- APR/OpenSSL configuration: useAprConnector [false], useOpenSSL [true]
2019-12-24 15:56:48,840 INFO (DirectJDKLog.java:173)- OpenSSL successfully initialized [OpenSSL 1.1.1c  28 May 2019]
2019-12-24 15:56:48,934 INFO (DirectJDKLog.java:173)- Initializing Spring embedded WebApplicationContext
2019-12-24 15:56:48,934 INFO (ServletWebServerApplicationContext.java:296)- Root WebApplicationContext: initialization completed in 1266 ms
2019-12-24 15:56:49,230 INFO (EXCThread.java:58)- EXC Start!!
2019-12-24 15:56:49,371 INFO (Slf4jMLog.java:212)- MLog clients using slf4j logging.
2019-12-24 15:56:49,387 INFO (Slf4jMLog.java:212)- Initializing c3p0-0.9.5.2 [built 08-December-2015 22:06:04 -0800; debug? true; trace: 10]
2019-12-24 15:56:49,512 INFO (ExecutorConfigurationSupport.java:171)- Initializing ExecutorService 'applicationTaskExecutor'
2019-12-24 15:56:49,636 INFO (Slf4jMLog.java:212)- Initializing c3p0 pool... com.mchange.v2.c3p0.ComboPooledDataSource [ acquireIncrement -> 5, acquireRetryAttempts -> 30, acquireRetryDelay -> 1000, autoCommitOnClose -> false, automaticTestTable -> null, breakAfterAcquireFailure -> false, checkoutTimeout -> 0, connectionCustomizerClassName -> null, connectionTesterClassName -> com.mchange.v2.c3p0.impl.DefaultConnectionTester, contextClassLoaderSource -> caller, dataSourceName -> Mysql_dataSource, debugUnreturnedConnectionStackTraces -> false, description -> null, driverClass -> com.mysql.cj.jdbc.Driver, extensions -> {}, factoryClassLocation -> null, forceIgnoreUnresolvedTransactions -> false, forceSynchronousCheckins -> false, forceUseNamedDriverClass -> false, identityToken -> 1bqpccda7f8grjfmefus9|473d95d8, idleConnectionTestPeriod -> 0, initialPoolSize -> 10, jdbcUrl -> jdbc:mysql://127.0.0.1:3306/iplantmes?useUnicode=true&characterEncoding=utf-8&serverTimezone=Asia/Shanghai&useSSL=false&autoReconnect=true&zeroDateTimeBehavior=convertToNull, maxAdministrativeTaskTime -> 0, maxConnectionAge -> 0, maxIdleTime -> 3600, maxIdleTimeExcessConnections -> 0, maxPoolSize -> 50, maxStatements -> 0, maxStatementsPerConnection -> 0, minPoolSize -> 5, numHelperThreads -> 3, preferredTestQuery -> null, privilegeSpawnedThreads -> false, properties -> {password=******, user=******}, propertyCycle -> 0, statementCacheNumDeferredCloseThreads -> 0, testConnectionOnCheckin -> false, testConnectionOnCheckout -> true, unreturnedConnectionTimeout -> 0, userOverrides -> {}, usesTraditionalReflectiveProxies -> false ]
2019-12-24 15:56:49,902 INFO (DirectJDKLog.java:173)- Starting ProtocolHandler ["http-nio-8084"]
2019-12-24 15:56:49,929 INFO (TomcatWebServer.java:204)- Tomcat started on port(s): 8084 (http) with context path ''
2019-12-24 15:56:49,929 INFO (StartupInfoLogger.java:59)- Started Application in 2.982 seconds (JVM running for 4.565)
2019-12-24 15:56:56,009 INFO (DirectJDKLog.java:173)- Initializing Spring DispatcherServlet 'dispatcherServlet'
2019-12-24 15:56:56,010 INFO (FrameworkServlet.java:524)- Initializing Servlet 'dispatcherServlet'
2019-12-24 15:56:56,017 INFO (FrameworkServlet.java:546)- Completed initialization in 7 ms
2019-12-24 15:56:56,165 WARN (DirectJDKLog.java:173)- Creation of SecureRandom instance for session ID generation using [SHA1PRNG] took [128] milliseconds.
